<?xml version="1.0" encoding="UTF-8"?>
<!-- Generated by org.testng.reporters.JUnitXMLReporter -->
<testsuite ignored="0" hostname="LAPTOP-6H0FSJA9" failures="1" tests="3" name="error_validate" time="39.786" errors="0" timestamp="2024-07-26T17:01:12 IST">
  <testcase classname="Practice.Error_validations" name="login_test" time="0.459"/>
  <testcase classname="Practice.Error_validations" name="product_error_validations" time="13.305">
    <skipped/>
  </testcase> <!-- product_error_validations -->
  <testcase classname="Practice.Error_validations" name="product_error_validations" time="13.248">
    <failure type="java.lang.AssertionError" message="expected [true] but found [false]">
      <![CDATA[java.lang.AssertionError: expected [true] but found [false]
at Practice.Error_validations.product_error_validations(Error_validations.java:33)
at java.base/java.util.ArrayList.forEach(ArrayList.java:1511)
... Removed 29 stack frames]]>
    </failure>
  </testcase> <!-- product_error_validations -->
</testsuite> <!-- error_validate -->
