<?xml version="1.0" encoding="UTF-8"?>
<!-- Generated by org.testng.reporters.JUnitXMLReporter -->
<testsuite ignored="0" hostname="LAPTOP-6H0FSJA9" failures="1" tests="2" name="Error_validations" time="27.516" errors="0" timestamp="2024-07-31T21:03:42 IST">
  <testcase classname="Practice.Error_validations" name="login_test" time="0.64"/>
  <testcase classname="Practice.Error_validations" name="product_error_validations" time="23.112">
    <failure type="java.lang.AssertionError" message="expected [true] but found [false]">
      <![CDATA[java.lang.AssertionError: expected [true] but found [false]
at Practice.Error_validations.product_error_validations(Error_validations.java:33)
at java.base/java.util.ArrayList.forEach(ArrayList.java:1541)
at java.base/java.util.concurrent.FutureTask.run(FutureTask.java:264)
at java.base/java.util.concurrent.ThreadPoolExecutor.runWorker(ThreadPoolExecutor.java:1128)
at java.base/java.util.concurrent.ThreadPoolExecutor$Worker.run(ThreadPoolExecutor.java:628)
at java.base/java.lang.Thread.run(Thread.java:834)
... Removed 21 stack frames]]>
    </failure>
  </testcase> <!-- product_error_validations -->
</testsuite> <!-- Error_validations -->
